<?xml version="1.0" encoding="UTF-8"?>
<testsuite xmlns:xsi="http://www.w3.org/2001/XMLSchema-instance" xsi:noNamespaceSchemaLocation="https://maven.apache.org/surefire/maven-surefire-plugin/xsd/surefire-test-report.xsd" version="3.0.2" name="ar.edu.utn.frc.tup.p4.mock.MockApplicationTests" time="5.957" tests="1" errors="0" skipped="0" failures="0">
  <properties>
[...]
</properties>
  <testcase name="contextLoads" classname="ar.edu.utn.frc.tup.p4.mock.MockApplicationTests" time="0.543">
    <system-out><![CDATA[17:27:23.785 [main] INFO org.springframework.test.context.support.AnnotationConfigContextLoaderUtils -- Could not detect default configuration classes for test class [ar.edu.utn.frc.tup.p4.mock.MockApplicationTests]: MockApplicationTests does not declare any static, non-private, non-final, nested classes annotated with @Configuration.
17:27:23.923 [main] INFO org.springframework.boot.test.context.SpringBootTestContextBootstrapper -- Found @SpringBootConfiguration ar.edu.utn.frc.tup.p4.mock.MockApplication for test class ar.edu.utn.frc.tup.p4.mock.MockApplicationTests
17:27:24.099 [main] INFO org.springframework.boot.devtools.restart.RestartApplicationListener -- Restart disabled due to context in which it is running

  .   ____          _            __ _ _
 /\\ / ___'_ __ _ _(_)_ __  __ _ \ \ \ \
( ( )\___ | '_ | '_| | '_ \/ _` | \ \ \ \
 \\/  ___)| |_)| | | | | || (_| |  ) ) ) )
  '  |____| .__|_| |_|_| |_\__, | / / / /
 =========|_|==============|___/=/_/_/_/

 :: Spring Boot ::                (v3.5.6)

2025-10-10T17:27:24.459-03:00  INFO 25591 --- [mock] [           main] a.e.u.f.t.p4.mock.MockApplicationTests   : Starting MockApplicationTests using Java 17.0.16 with PID 25591 (started by tomas in /home/tomas/repos/tpi/mock-services)
2025-10-10T17:27:24.462-03:00  INFO 25591 --- [mock] [           main] a.e.u.f.t.p4.mock.MockApplicationTests   : No active profile set, falling back to 1 default profile: "default"
2025-10-10T17:27:25.317-03:00  INFO 25591 --- [mock] [           main] .s.d.r.c.RepositoryConfigurationDelegate : Bootstrapping Spring Data JPA repositories in DEFAULT mode.
2025-10-10T17:27:25.398-03:00  INFO 25591 --- [mock] [           main] .s.d.r.c.RepositoryConfigurationDelegate : Finished Spring Data repository scanning in 69 ms. Found 5 JPA repository interfaces.
2025-10-10T17:27:25.917-03:00  INFO 25591 --- [mock] [           main] com.zaxxer.hikari.HikariDataSource       : HikariPool-1 - Starting...
2025-10-10T17:27:26.113-03:00  INFO 25591 --- [mock] [           main] com.zaxxer.hikari.pool.HikariPool        : HikariPool-1 - Added connection conn0: url=jdbc:h2:mem:testdb user=SA
2025-10-10T17:27:26.115-03:00  INFO 25591 --- [mock] [           main] com.zaxxer.hikari.HikariDataSource       : HikariPool-1 - Start completed.
2025-10-10T17:27:26.158-03:00  INFO 25591 --- [mock] [           main] o.hibernate.jpa.internal.util.LogHelper  : HHH000204: Processing PersistenceUnitInfo [name: default]
2025-10-10T17:27:26.204-03:00  INFO 25591 --- [mock] [           main] org.hibernate.Version                    : HHH000412: Hibernate ORM core version 6.6.29.Final
2025-10-10T17:27:26.241-03:00  INFO 25591 --- [mock] [           main] o.h.c.internal.RegionFactoryInitiator    : HHH000026: Second-level cache disabled
2025-10-10T17:27:26.530-03:00  INFO 25591 --- [mock] [           main] o.s.o.j.p.SpringPersistenceUnitInfo      : No LoadTimeWeaver setup: ignoring JPA class transformer
2025-10-10T17:27:26.585-03:00  WARN 25591 --- [mock] [           main] org.hibernate.orm.deprecation            : HHH90000025: H2Dialect does not need to be specified explicitly using 'hibernate.dialect' (remove the property setting and it will be selected by default)
2025-10-10T17:27:26.602-03:00  INFO 25591 --- [mock] [           main] org.hibernate.orm.connections.pooling    : HHH10001005: Database info:
	Database JDBC URL [Connecting through datasource 'HikariDataSource (HikariPool-1)']
	Database driver: undefined/unknown
	Database version: 2.3.232
	Autocommit mode: undefined/unknown
	Isolation level: undefined/unknown
	Minimum pool size: undefined/unknown
	Maximum pool size: undefined/unknown
2025-10-10T17:27:27.624-03:00  INFO 25591 --- [mock] [           main] o.h.e.t.j.p.i.JtaPlatformInitiator       : HHH000489: No JTA platform available (set 'hibernate.transaction.jta.platform' to enable JTA platform integration)
2025-10-10T17:27:27.690-03:00  INFO 25591 --- [mock] [           main] j.LocalContainerEntityManagerFactoryBean : Initialized JPA EntityManagerFactory for persistence unit 'default'
2025-10-10T17:27:28.137-03:00  WARN 25591 --- [mock] [           main] JpaBaseConfiguration$JpaWebConfiguration : spring.jpa.open-in-view is enabled by default. Therefore, database queries may be performed during view rendering. Explicitly configure spring.jpa.open-in-view to disable this warning
2025-10-10T17:27:28.508-03:00  INFO 25591 --- [mock] [           main] o.s.b.a.h2.H2ConsoleAutoConfiguration    : H2 console available at '/h2-console'. Database available at 'jdbc:h2:mem:testdb'
2025-10-10T17:27:28.588-03:00  INFO 25591 --- [mock] [           main] a.e.u.f.t.p4.mock.MockApplicationTests   : Started MockApplicationTests in 4.501 seconds (process running for 5.621)
✅ Mock cargado con DASPU (septiembre) y OSDE (agosto)
]]></system-out>
  </testcase>
</testsuite>